#
# There is insufficient memory for the Java Runtime Environment to continue.
# Native memory allocation (malloc) failed to allocate 1138256 bytes. Error detail: Chunk::new
# Possible reasons:
#   The system is out of physical RAM or swap space
#   This process is running with CompressedOops enabled, and the Java Heap may be blocking the growth of the native heap
# Possible solutions:
#   Reduce memory load on the system
#   Increase physical memory or swap space
#   Check if swap backing store is full
#   Decrease Java heap size (-Xmx/-Xms)
#   Decrease number of Java threads
#   Decrease Java thread stack sizes (-Xss)
#   Set larger code cache with -XX:ReservedCodeCacheSize=
#   JVM is running with Unscaled Compressed Oops mode in which the Java heap is
#     placed in the first 4GB address space. The Java Heap base address is the
#     maximum limit for the native heap growth. Please use -XX:HeapBaseMinAddress
#     to set the Java Heap base and to place the Java Heap above 4GB virtual address.
# This output file may be truncated or incomplete.
#
#  Out of Memory Error (arena.cpp:168), pid=18940, tid=24416
#
# JRE version: OpenJDK Runtime Environment Temurin-21.0.8+9 (21.0.8+9) (build 21.0.8+9-LTS)
# Java VM: OpenJDK 64-Bit Server VM Temurin-21.0.8+9 (21.0.8+9-LTS, mixed mode, sharing, tiered, compressed oops, compressed class ptrs, parallel gc, windows-amd64)
# No core dump will be written. Minidumps are not enabled by default on client versions of Windows
#

---------------  S U M M A R Y ------------

Command Line: --add-modules=ALL-SYSTEM --add-opens=java.base/java.util=ALL-UNNAMED --add-opens=java.base/java.lang=ALL-UNNAMED --add-opens=java.base/sun.nio.fs=ALL-UNNAMED -Declipse.application=org.eclipse.jdt.ls.core.id1 -Dosgi.bundles.defaultStartLevel=4 -Declipse.product=org.eclipse.jdt.ls.core.product -Djava.import.generatesMetadataFilesAtProjectRoot=false -DDetectVMInstallationsJob.disabled=true -Dfile.encoding=utf8 -XX:+UseParallelGC -XX:GCTimeRatio=4 -XX:AdaptiveSizePolicyWeight=90 -Dsun.zip.disableMemoryMapping=true -Xmx2G -Xms100m -Xlog:disable -javaagent:c:\Users\Administrator\.trae-cn\extensions\redhat.java-1.44.0-win32-x64\lombok\lombok-1.18.39-4050.jar -XX:+HeapDumpOnOutOfMemoryError -XX:HeapDumpPath=c:\Users\Administrator\AppData\Roaming\Trae CN\User\workspaceStorage\830aec24fac1f3f83e06b7cc2443784d\redhat.java -Daether.dependencyCollector.impl=bf c:\Users\Administrator\.trae-cn\extensions\redhat.java-1.44.0-win32-x64\server\plugins\org.eclipse.equinox.launcher_1.7.0.v20250519-0528.jar -configuration c:\Users\Administrator\AppData\Roaming\Trae CN\User\globalStorage\redhat.java\1.44.0\config_win -data c:\Users\Administrator\AppData\Roaming\Trae CN\User\workspaceStorage\830aec24fac1f3f83e06b7cc2443784d\redhat.java\jdt_ws --pipe=\\.\pipe\lsp-90368cf386e54848e2ab1ffbda6ba828-sock

Host: Intel(R) Core(TM) i5-10400F CPU @ 2.90GHz, 12 cores, 15G,  Windows 10 , 64 bit Build 19041 (10.0.19041.3636)
Time: Wed Sep  3 15:54:57 2025 elapsed time: 13.137092 seconds (0d 0h 0m 13s)

---------------  T H R E A D  ---------------

Current thread (0x000001c56737d4f0):  JavaThread "C2 CompilerThread1" daemon [_thread_in_native, id=24416, stack(0x0000001b3ac00000,0x0000001b3ad00000) (1024K)]


Current CompileTask:
C2:13137 9098   !   4       org.eclipse.jdt.internal.core.search.indexing.AddJrtToIndex$JrtIndexer::visitFile (133 bytes)

Stack: [0x0000001b3ac00000,0x0000001b3ad00000]
Native frames: (J=compiled Java code, j=interpreted, Vv=VM code, C=native code)
V  [jvm.dll+0x6d2449]
V  [jvm.dll+0x8ae341]
V  [jvm.dll+0x8b08be]
V  [jvm.dll+0x8b0fa3]
V  [jvm.dll+0x280c96]
V  [jvm.dll+0xc581d]
V  [jvm.dll+0xc5d53]
V  [jvm.dll+0x2f539d]
V  [jvm.dll+0x5fa00a]
V  [jvm.dll+0x252092]
V  [jvm.dll+0x25244f]
V  [jvm.dll+0x24ad14]
V  [jvm.dll+0x2483a4]
V  [jvm.dll+0x1c89ee]
V  [jvm.dll+0x257d4d]
V  [jvm.dll+0x2562ea]
V  [jvm.dll+0x3f2d16]
V  [jvm.dll+0x857e6b]
V  [jvm.dll+0x6d0b0d]
C  [ucrtbase.dll+0x21bb2]
C  [KERNEL32.DLL+0x17344]
C  [ntdll.dll+0x526b1]


---------------  P R O C E S S  ---------------

Threads class SMR info:
_java_thread_list=0x000001c567641aa0, length=83, elements={
0x000001c5051d9bc0, 0x000001c51df7f400, 0x000001c565000080, 0x000001c5650030f0,
0x000001c565003e00, 0x000001c5650059c0, 0x000001c565006410, 0x000001c565007ae0,
0x000001c56500af80, 0x000001c50754af80, 0x000001c565342b40, 0x000001c56588e910,
0x000001c56598ab90, 0x000001c565addfd0, 0x000001c565adec80, 0x000001c5665b0520,
0x000001c5662c3140, 0x000001c5660986e0, 0x000001c566099a90, 0x000001c56609b4d0,
0x000001c566098d70, 0x000001c56737d4f0, 0x000001c56795a4c0, 0x000001c56609a120,
0x000001c566098050, 0x000001c56609a7b0, 0x000001c566099400, 0x000001c56609ae40,
0x000001c5678146a0, 0x000001c56780f150, 0x000001c56780e430, 0x000001c56780eac0,
0x000001c567814010, 0x000001c567810500, 0x000001c567814d30, 0x000001c567810b90,
0x000001c567811220, 0x000001c56780f7e0, 0x000001c56780dda0, 0x000001c5678153c0,
0x000001c56780fe70, 0x000001c5678125d0, 0x000001c5678118b0, 0x000001c567811f40,
0x000001c567812c60, 0x000001c56935e160, 0x000001c569362990, 0x000001c56935e7f0,
0x000001c56935ee80, 0x000001c569363020, 0x000001c569360230, 0x000001c56935f510,
0x000001c56935d440, 0x000001c569361c70, 0x000001c569360f50, 0x000001c5693615e0,
0x000001c5693608c0, 0x000001c569362300, 0x000001c56935c090, 0x000001c56935dad0,
0x000001c56935fba0, 0x000001c5693636b0, 0x000001c56935c720, 0x000001c56935cdb0,
0x000001c5683072b0, 0x000001c568302a80, 0x000001c568303e30, 0x000001c5683023f0,
0x000001c5683037a0, 0x000001c5683044c0, 0x000001c568303110, 0x000001c568304b50,
0x000001c5683051e0, 0x000001c568305f00, 0x000001c568301040, 0x000001c568306590,
0x000001c568306c20, 0x000001c5683009b0, 0x000001c568307fd0, 0x000001c5683016d0,
0x000001c568301d60, 0x000001c568843db0, 0x000001c5688457f0
}

Java Threads: ( => current thread )
  0x000001c5051d9bc0 JavaThread "main"                              [_thread_blocked, id=26568, stack(0x0000001b38a00000,0x0000001b38b00000) (1024K)]
  0x000001c51df7f400 JavaThread "Reference Handler"          daemon [_thread_blocked, id=34380, stack(0x0000001b38e00000,0x0000001b38f00000) (1024K)]
  0x000001c565000080 JavaThread "Finalizer"                  daemon [_thread_blocked, id=22928, stack(0x0000001b38f00000,0x0000001b39000000) (1024K)]
  0x000001c5650030f0 JavaThread "Signal Dispatcher"          daemon [_thread_blocked, id=31800, stack(0x0000001b39000000,0x0000001b39100000) (1024K)]
  0x000001c565003e00 JavaThread "Attach Listener"            daemon [_thread_blocked, id=34160, stack(0x0000001b39100000,0x0000001b39200000) (1024K)]
  0x000001c5650059c0 JavaThread "Service Thread"             daemon [_thread_blocked, id=25988, stack(0x0000001b39200000,0x0000001b39300000) (1024K)]
  0x000001c565006410 JavaThread "Monitor Deflation Thread"   daemon [_thread_blocked, id=488, stack(0x0000001b39300000,0x0000001b39400000) (1024K)]
  0x000001c565007ae0 JavaThread "C2 CompilerThread0"         daemon [_thread_in_native, id=12104, stack(0x0000001b39400000,0x0000001b39500000) (1024K)]
  0x000001c56500af80 JavaThread "C1 CompilerThread0"         daemon [_thread_in_native, id=24388, stack(0x0000001b39500000,0x0000001b39600000) (1024K)]
  0x000001c50754af80 JavaThread "Common-Cleaner"             daemon [_thread_blocked, id=15632, stack(0x0000001b39600000,0x0000001b39700000) (1024K)]
  0x000001c565342b40 JavaThread "Notification Thread"        daemon [_thread_blocked, id=28100, stack(0x0000001b39800000,0x0000001b39900000) (1024K)]
  0x000001c56588e910 JavaThread "Active Thread: Equinox Container: fee2c68c-6b82-484e-b447-61e9625775e2"        [_thread_blocked, id=7624, stack(0x0000001b3a000000,0x0000001b3a100000) (1024K)]
  0x000001c56598ab90 JavaThread "Refresh Thread: Equinox Container: fee2c68c-6b82-484e-b447-61e9625775e2" daemon [_thread_blocked, id=10036, stack(0x0000001b39900000,0x0000001b39a00000) (1024K)]
  0x000001c565addfd0 JavaThread "Framework Event Dispatcher: Equinox Container: fee2c68c-6b82-484e-b447-61e9625775e2" daemon [_thread_blocked, id=17644, stack(0x0000001b3a200000,0x0000001b3a300000) (1024K)]
  0x000001c565adec80 JavaThread "Start Level: Equinox Container: fee2c68c-6b82-484e-b447-61e9625775e2" daemon [_thread_blocked, id=10852, stack(0x0000001b3a300000,0x0000001b3a400000) (1024K)]
  0x000001c5665b0520 JavaThread "Bundle File Closer"         daemon [_thread_blocked, id=32964, stack(0x0000001b3a700000,0x0000001b3a800000) (1024K)]
  0x000001c5662c3140 JavaThread "SCR Component Actor"        daemon [_thread_blocked, id=25348, stack(0x0000001b3a800000,0x0000001b3a900000) (1024K)]
  0x000001c5660986e0 JavaThread "Worker-JM"                         [_thread_blocked, id=30368, stack(0x0000001b3a400000,0x0000001b3a500000) (1024K)]
  0x000001c566099a90 JavaThread "JNA Cleaner"                daemon [_thread_blocked, id=33084, stack(0x0000001b39700000,0x0000001b39800000) (1024K)]
  0x000001c56609b4d0 JavaThread "Worker-0"                          [_thread_blocked, id=33100, stack(0x0000001b3aa00000,0x0000001b3ab00000) (1024K)]
  0x000001c566098d70 JavaThread "Worker-1"                          [_thread_blocked, id=12676, stack(0x0000001b3ab00000,0x0000001b3ac00000) (1024K)]
=>0x000001c56737d4f0 JavaThread "C2 CompilerThread1"         daemon [_thread_in_native, id=24416, stack(0x0000001b3ac00000,0x0000001b3ad00000) (1024K)]
  0x000001c56795a4c0 JavaThread "C2 CompilerThread2"         daemon [_thread_in_native, id=12416, stack(0x0000001b3ad00000,0x0000001b3ae00000) (1024K)]
  0x000001c56609a120 JavaThread "Java indexing"              daemon [_thread_blocked, id=34296, stack(0x0000001b3ae00000,0x0000001b3af00000) (1024K)]
  0x000001c566098050 JavaThread "Worker-2: Java indexing... "        [_thread_blocked, id=14036, stack(0x0000001b3af00000,0x0000001b3b000000) (1024K)]
  0x000001c56609a7b0 JavaThread "Worker-3"                          [_thread_blocked, id=6636, stack(0x0000001b3b200000,0x0000001b3b300000) (1024K)]
  0x000001c566099400 JavaThread "Worker-4"                          [_thread_blocked, id=800, stack(0x0000001b3b300000,0x0000001b3b400000) (1024K)]
  0x000001c56609ae40 JavaThread "Thread-2"                   daemon [_thread_in_native, id=14012, stack(0x0000001b3b400000,0x0000001b3b500000) (1024K)]
  0x000001c5678146a0 JavaThread "Thread-3"                   daemon [_thread_in_native, id=21592, stack(0x0000001b3b500000,0x0000001b3b600000) (1024K)]
  0x000001c56780f150 JavaThread "Thread-4"                   daemon [_thread_in_native, id=18136, stack(0x0000001b3b600000,0x0000001b3b700000) (1024K)]
  0x000001c56780e430 JavaThread "Thread-5"                   daemon [_thread_in_native, id=1728, stack(0x0000001b3b700000,0x0000001b3b800000) (1024K)]
  0x000001c56780eac0 JavaThread "Thread-6"                   daemon [_thread_in_native, id=25684, stack(0x0000001b3b800000,0x0000001b3b900000) (1024K)]
  0x000001c567814010 JavaThread "Thread-7"                   daemon [_thread_in_native, id=12188, stack(0x0000001b3b900000,0x0000001b3ba00000) (1024K)]
  0x000001c567810500 JavaThread "Thread-8"                   daemon [_thread_in_native, id=13660, stack(0x0000001b3ba00000,0x0000001b3bb00000) (1024K)]
  0x000001c567814d30 JavaThread "Thread-9"                   daemon [_thread_in_native, id=3980, stack(0x0000001b3bb00000,0x0000001b3bc00000) (1024K)]
  0x000001c567810b90 JavaThread "Thread-10"                  daemon [_thread_in_native, id=12960, stack(0x0000001b3bc00000,0x0000001b3bd00000) (1024K)]
  0x000001c567811220 JavaThread "Thread-11"                  daemon [_thread_in_native, id=25224, stack(0x0000001b3bd00000,0x0000001b3be00000) (1024K)]
  0x000001c56780f7e0 JavaThread "Thread-12"                  daemon [_thread_in_native, id=33180, stack(0x0000001b3be00000,0x0000001b3bf00000) (1024K)]
  0x000001c56780dda0 JavaThread "Thread-13"                  daemon [_thread_in_native, id=4688, stack(0x0000001b3bf00000,0x0000001b3c000000) (1024K)]
  0x000001c5678153c0 JavaThread "Thread-14"                  daemon [_thread_in_native, id=18908, stack(0x0000001b3c000000,0x0000001b3c100000) (1024K)]
  0x000001c56780fe70 JavaThread "pool-2-thread-1"                   [_thread_blocked, id=30888, stack(0x0000001b3c100000,0x0000001b3c200000) (1024K)]
  0x000001c5678125d0 JavaThread "Worker-5"                          [_thread_blocked, id=34716, stack(0x0000001b3c200000,0x0000001b3c300000) (1024K)]
  0x000001c5678118b0 JavaThread "Worker-6: Building"                [_thread_blocked, id=30940, stack(0x0000001b3c300000,0x0000001b3c400000) (1024K)]
  0x000001c567811f40 JavaThread "WorkspaceEventsHandler"            [_thread_blocked, id=28468, stack(0x0000001b3c400000,0x0000001b3c500000) (1024K)]
  0x000001c567812c60 JavaThread "pool-1-thread-1"                   [_thread_blocked, id=6884, stack(0x0000001b3c500000,0x0000001b3c600000) (1024K)]
  0x000001c56935e160 JavaThread "LocalFile Deleter"          daemon [_thread_blocked, id=34392, stack(0x0000001b3c600000,0x0000001b3c700000) (1024K)]
  0x000001c569362990 JavaThread "LocalFile Deleter"          daemon [_thread_blocked, id=4704, stack(0x0000001b3c700000,0x0000001b3c800000) (1024K)]
  0x000001c56935e7f0 JavaThread "LocalFile Deleter"          daemon [_thread_blocked, id=15996, stack(0x0000001b3c800000,0x0000001b3c900000) (1024K)]
  0x000001c56935ee80 JavaThread "LocalFile Deleter"          daemon [_thread_blocked, id=3188, stack(0x0000001b3c900000,0x0000001b3ca00000) (1024K)]
  0x000001c569363020 JavaThread "LocalFile Deleter"          daemon [_thread_blocked, id=16124, stack(0x0000001b3ca00000,0x0000001b3cb00000) (1024K)]
  0x000001c569360230 JavaThread "LocalFile Deleter"          daemon [_thread_blocked, id=21160, stack(0x0000001b3cb00000,0x0000001b3cc00000) (1024K)]
  0x000001c56935f510 JavaThread "LocalFile Deleter"          daemon [_thread_blocked, id=16932, stack(0x0000001b3cc00000,0x0000001b3cd00000) (1024K)]
  0x000001c56935d440 JavaThread "LocalFile Deleter"          daemon [_thread_blocked, id=13608, stack(0x0000001b3cd00000,0x0000001b3ce00000) (1024K)]
  0x000001c569361c70 JavaThread "LocalFile Deleter"          daemon [_thread_blocked, id=16608, stack(0x0000001b3ce00000,0x0000001b3cf00000) (1024K)]
  0x000001c569360f50 JavaThread "LocalFile Deleter"          daemon [_thread_blocked, id=2588, stack(0x0000001b3cf00000,0x0000001b3d000000) (1024K)]
  0x000001c5693615e0 JavaThread "LocalFile Deleter"          daemon [_thread_blocked, id=27440, stack(0x0000001b3d000000,0x0000001b3d100000) (1024K)]
  0x000001c5693608c0 JavaThread "LocalFile Deleter"          daemon [_thread_blocked, id=29396, stack(0x0000001b3d100000,0x0000001b3d200000) (1024K)]
  0x000001c569362300 JavaThread "Compiler Source File Reader" daemon [_thread_blocked, id=21052, stack(0x0000001b3d200000,0x0000001b3d300000) (1024K)]
  0x000001c56935c090 JavaThread "Compiler Source File Reader" daemon [_thread_blocked, id=21912, stack(0x0000001b3d300000,0x0000001b3d400000) (1024K)]
  0x000001c56935dad0 JavaThread "Compiler Source File Reader" daemon [_thread_blocked, id=2864, stack(0x0000001b3d400000,0x0000001b3d500000) (1024K)]
  0x000001c56935fba0 JavaThread "Compiler Source File Reader" daemon [_thread_blocked, id=25476, stack(0x0000001b3d500000,0x0000001b3d600000) (1024K)]
  0x000001c5693636b0 JavaThread "Compiler Source File Reader" daemon [_thread_blocked, id=33936, stack(0x0000001b3d600000,0x0000001b3d700000) (1024K)]
  0x000001c56935c720 JavaThread "Compiler Source File Reader" daemon [_thread_blocked, id=31892, stack(0x0000001b3d700000,0x0000001b3d800000) (1024K)]
  0x000001c56935cdb0 JavaThread "Compiler Source File Reader" daemon [_thread_blocked, id=25872, stack(0x0000001b3d800000,0x0000001b3d900000) (1024K)]
  0x000001c5683072b0 JavaThread "Compiler Source File Reader" daemon [_thread_blocked, id=17948, stack(0x0000001b3d900000,0x0000001b3da00000) (1024K)]
  0x000001c568302a80 JavaThread "Compiler Source File Reader" daemon [_thread_blocked, id=3584, stack(0x0000001b3da00000,0x0000001b3db00000) (1024K)]
  0x000001c568303e30 JavaThread "Compiler Source File Reader" daemon [_thread_blocked, id=33840, stack(0x0000001b3db00000,0x0000001b3dc00000) (1024K)]
  0x000001c5683023f0 JavaThread "Compiler Processing Task"   daemon [_thread_blocked, id=25276, stack(0x0000001b3a900000,0x0000001b3aa00000) (1024K)]
  0x000001c5683037a0 JavaThread "Compiler Class File Writer" daemon [_thread_blocked, id=19528, stack(0x0000001b3dc00000,0x0000001b3dd00000) (1024K)]
  0x000001c5683044c0 JavaThread "Compiler Class File Writer" daemon [_thread_blocked, id=23248, stack(0x0000001b3dd00000,0x0000001b3de00000) (1024K)]
  0x000001c568303110 JavaThread "Compiler Class File Writer" daemon [_thread_blocked, id=33024, stack(0x0000001b3de00000,0x0000001b3df00000) (1024K)]
  0x000001c568304b50 JavaThread "Compiler Class File Writer" daemon [_thread_blocked, id=19244, stack(0x0000001b3df00000,0x0000001b3e000000) (1024K)]
  0x000001c5683051e0 JavaThread "Compiler Class File Writer" daemon [_thread_blocked, id=8820, stack(0x0000001b3e000000,0x0000001b3e100000) (1024K)]
  0x000001c568305f00 JavaThread "Compiler Class File Writer" daemon [_thread_blocked, id=13420, stack(0x0000001b3e100000,0x0000001b3e200000) (1024K)]
  0x000001c568301040 JavaThread "Compiler Class File Writer" daemon [_thread_blocked, id=31280, stack(0x0000001b3e200000,0x0000001b3e300000) (1024K)]
  0x000001c568306590 JavaThread "Compiler Class File Writer" daemon [_thread_blocked, id=13232, stack(0x0000001b3e300000,0x0000001b3e400000) (1024K)]
  0x000001c568306c20 JavaThread "Compiler Class File Writer" daemon [_thread_blocked, id=14192, stack(0x0000001b3e400000,0x0000001b3e500000) (1024K)]
  0x000001c5683009b0 JavaThread "Compiler Class File Writer" daemon [_thread_blocked, id=21900, stack(0x0000001b3e500000,0x0000001b3e600000) (1024K)]
  0x000001c568307fd0 JavaThread "ParallelDescriptorResolver-0-0" daemon [_thread_in_Java, id=12192, stack(0x0000001b3e600000,0x0000001b3e700000) (1024K)]
  0x000001c5683016d0 JavaThread "ParallelDescriptorResolver-0-1" daemon [_thread_in_Java, id=20912, stack(0x0000001b3e700000,0x0000001b3e800000) (1024K)]
  0x000001c568301d60 JavaThread "ParallelDescriptorResolver-0-2" daemon [_thread_in_Java, id=13008, stack(0x0000001b3e800000,0x0000001b3e900000) (1024K)]
  0x000001c568843db0 JavaThread "ParallelDescriptorResolver-0-3" daemon [_thread_in_Java, id=8540, stack(0x0000001b3e900000,0x0000001b3ea00000) (1024K)]
  0x000001c5688457f0 JavaThread "ParallelDescriptorResolver-0-4" daemon [_thread_in_Java, id=2032, stack(0x0000001b3ea00000,0x0000001b3eb00000) (1024K)]
Total: 83

Other Threads:
  0x000001c5075a0b60 VMThread "VM Thread"                           [id=18000, stack(0x0000001b38d00000,0x0000001b38e00000) (1024K)]
  0x000001c51de6caf0 WatcherThread "VM Periodic Task Thread"        [id=32756, stack(0x0000001b38c00000,0x0000001b38d00000) (1024K)]
  0x000001c5074fc9a0 WorkerThread "GC Thread#0"                     [id=26984, stack(0x0000001b38b00000,0x0000001b38c00000) (1024K)]
  0x000001c565542a90 WorkerThread "GC Thread#1"                     [id=30856, stack(0x0000001b39a00000,0x0000001b39b00000) (1024K)]
  0x000001c565542e30 WorkerThread "GC Thread#2"                     [id=17264, stack(0x0000001b39b00000,0x0000001b39c00000) (1024K)]
  0x000001c5655431d0 WorkerThread "GC Thread#3"                     [id=12924, stack(0x0000001b39c00000,0x0000001b39d00000) (1024K)]
  0x000001c5655426f0 WorkerThread "GC Thread#4"                     [id=21884, stack(0x0000001b39d00000,0x0000001b39e00000) (1024K)]
  0x000001c565541fb0 WorkerThread "GC Thread#5"                     [id=11308, stack(0x0000001b39e00000,0x0000001b39f00000) (1024K)]
  0x000001c565541870 WorkerThread "GC Thread#6"                     [id=20984, stack(0x0000001b39f00000,0x0000001b3a000000) (1024K)]
  0x000001c565541c10 WorkerThread "GC Thread#7"                     [id=5532, stack(0x0000001b3a100000,0x0000001b3a200000) (1024K)]
  0x000001c565c9bcf0 WorkerThread "GC Thread#8"                     [id=17880, stack(0x0000001b3a500000,0x0000001b3a600000) (1024K)]
  0x000001c565c9efb0 WorkerThread "GC Thread#9"                     [id=18700, stack(0x0000001b3a600000,0x0000001b3a700000) (1024K)]
Total: 12

Threads with active compile tasks:
C2 CompilerThread0  13162 9372   !   4       org.eclipse.osgi.internal.loader.BundleLoader::findClass0 (491 bytes)
C1 CompilerThread0  13163 9425 %     3       org.codehaus.plexus.util.xml.pull.MXParser::parseAttribute @ 719 (1429 bytes)
C2 CompilerThread1  13163 9098   !   4       org.eclipse.jdt.internal.core.search.indexing.AddJrtToIndex$JrtIndexer::visitFile (133 bytes)
C2 CompilerThread2  13163 9406       4       jdk.internal.jrtfs.JrtFileSystem::checkNode (40 bytes)
Total: 4

VM state: not at safepoint (normal execution)

VM Mutex/Monitor currently owned by a thread: None

Heap address: 0x0000000080000000, size: 2048 MB, Compressed Oops mode: 32-bit

CDS archive(s) mapped at: [0x000001c51e000000-0x000001c51eba0000-0x000001c51eba0000), size 12189696, SharedBaseAddress: 0x000001c51e000000, ArchiveRelocationMode: 1.
Compressed class space mapped at: 0x000001c51f000000-0x000001c55f000000, reserved size: 1073741824
Narrow klass base: 0x000001c51e000000, Narrow klass shift: 0, Narrow klass range: 0x100000000

GC Precious Log:
 CardTable entry size: 512
 CPUs: 12 total, 12 available
 Memory: 16236M
 Large Page Support: Disabled
 NUMA Support: Disabled
 Compressed Oops: Enabled (32-bit)
 Alignments: Space 512K, Generation 512K, Heap 2M
 Heap Min Capacity: 100M
 Heap Initial Capacity: 100M
 Heap Max Capacity: 2G
 Pre-touch: Disabled
 Parallel Workers: 10

Heap:
 PSYoungGen      total 6656K, used 2730K [0x00000000d5580000, 0x00000000d5e00000, 0x0000000100000000)
  eden space 5120K, 34% used [0x00000000d5580000,0x00000000d5733d98,0x00000000d5a80000)
  from space 1536K, 67% used [0x00000000d5c80000,0x00000000d5d84010,0x00000000d5e00000)
  to   space 1536K, 0% used [0x00000000d5b00000,0x00000000d5b00000,0x00000000d5c80000)
 ParOldGen       total 125440K, used 124972K [0x0000000080000000, 0x0000000087a80000, 0x00000000d5580000)
  object space 125440K, 99% used [0x0000000080000000,0x0000000087a0b218,0x0000000087a80000)
 Metaspace       used 56742K, committed 58112K, reserved 1114112K
  class space    used 5982K, committed 6528K, reserved 1048576K

Card table byte_map: [0x000001c506e90000,0x000001c5072a0000] _byte_map_base: 0x000001c506a90000

Marking Bits: (ParMarkBitMap*) 0x00007ffbea4aa340
 Begin Bits: [0x000001c519990000, 0x000001c51b990000)
 End Bits:   [0x000001c51b990000, 0x000001c51d990000)

Polling page: 0x000001c5054d0000

Metaspace:

Usage:
  Non-class:     49.57 MB used.
      Class:      5.84 MB used.
       Both:     55.41 MB used.

Virtual space:
  Non-class space:       64.00 MB reserved,      50.38 MB ( 79%) committed,  1 nodes.
      Class space:        1.00 GB reserved,       6.38 MB ( <1%) committed,  1 nodes.
             Both:        1.06 GB reserved,      56.75 MB (  5%) committed. 

Chunk freelists:
   Non-Class:  13.53 MB
       Class:  9.45 MB
        Both:  22.98 MB

MaxMetaspaceSize: unlimited
CompressedClassSpaceSize: 1.00 GB
Initial GC threshold: 21.00 MB
Current GC threshold: 58.38 MB
CDS: on
 - commit_granule_bytes: 65536.
 - commit_granule_words: 8192.
 - virtual_space_node_default_size: 8388608.
 - enlarge_chunks_in_place: 1.
 - use_allocation_guard: 0.


Internal statistics:

num_allocs_failed_limit: 6.
num_arena_births: 1108.
num_arena_deaths: 14.
num_vsnodes_births: 2.
num_vsnodes_deaths: 0.
num_space_committed: 908.
num_space_uncommitted: 0.
num_chunks_returned_to_freelist: 20.
num_chunks_taken_from_freelist: 3764.
num_chunk_merges: 12.
num_chunk_splits: 2294.
num_chunks_enlarged: 1270.
num_inconsistent_stats: 0.

CodeHeap 'non-profiled nmethods': size=120000Kb used=4569Kb max_used=4569Kb free=115430Kb
 bounds [0x000001c5121b0000, 0x000001c512630000, 0x000001c5196e0000]
CodeHeap 'profiled nmethods': size=120000Kb used=18458Kb max_used=18458Kb free=101541Kb
 bounds [0x000001c50a6e0000, 0x000001c50b8f0000, 0x000001c511c10000]
CodeHeap 'non-nmethods': size=5760Kb used=1413Kb max_used=1512Kb free=4347Kb
 bounds [0x000001c511c10000, 0x000001c511e80000, 0x000001c5121b0000]
CodeCache: size=245760Kb, used=24440Kb, max_used=24539Kb, free=221318Kb
 total_blobs=9493, nmethods=8771, adapters=628, full_count=0
Compilation: enabled, stopped_count=0, restarted_count=0

Compilation events (20 events):
Event: 13.123 Thread 0x000001c56500af80 9380       3       org.eclipse.aether.RequestTrace::newChild (19 bytes)
Event: 13.123 Thread 0x000001c56500af80 nmethod 9380 0x000001c50b8d2190 code [0x000001c50b8d2360, 0x000001c50b8d27f8]
Event: 13.123 Thread 0x000001c56500af80 9381       3       org.eclipse.aether.repository.RepositoryPolicy::hashCode (49 bytes)
Event: 13.123 Thread 0x000001c56500af80 nmethod 9381 0x000001c50b8d2a10 code [0x000001c50b8d2bc0, 0x000001c50b8d2dc0]
Event: 13.123 Thread 0x000001c56500af80 9382       1       java.util.Collections$EmptyList::hashCode (2 bytes)
Event: 13.123 Thread 0x000001c56500af80 nmethod 9382 0x000001c512620610 code [0x000001c5126207a0, 0x000001c512620868]
Event: 13.125 Thread 0x000001c56500af80 9386   !   3       java.util.concurrent.ConcurrentHashMap::putVal (432 bytes)
Event: 13.126 Thread 0x000001c56795a4c0 nmethod 9374 0x000001c512621190 code [0x000001c512621340, 0x000001c5126215f8]
Event: 13.126 Thread 0x000001c56795a4c0 9375       4       jdk.internal.org.objectweb.asm.SymbolTable::put (150 bytes)
Event: 13.126 Thread 0x000001c56500af80 nmethod 9386 0x000001c50b8d2f10 code [0x000001c50b8d3280, 0x000001c50b8d4b58]
Event: 13.126 Thread 0x000001c56500af80 9390       3       java.util.concurrent.locks.AbstractQueuedSynchronizer$Node::<init> (5 bytes)
Event: 13.126 Thread 0x000001c56500af80 nmethod 9390 0x000001c50b8d5510 code [0x000001c50b8d56c0, 0x000001c50b8d5828]
Event: 13.126 Thread 0x000001c56500af80 9391       1       org.eclipse.aether.DefaultRepositorySystemSession::getCache (5 bytes)
Event: 13.126 Thread 0x000001c56500af80 nmethod 9391 0x000001c512621890 code [0x000001c512621a20, 0x000001c512621ae8]
Event: 13.126 Thread 0x000001c56500af80 9389       3       java.util.concurrent.locks.AbstractQueuedSynchronizer::acquire (20 bytes)
Event: 13.127 Thread 0x000001c56500af80 nmethod 9389 0x000001c50b8d5910 code [0x000001c50b8d5ae0, 0x000001c50b8d5d50]
Event: 13.127 Thread 0x000001c56500af80 9392       3       java.io.BufferedInputStream::<init> (68 bytes)
Event: 13.128 Thread 0x000001c56500af80 nmethod 9392 0x000001c50b8d5e10 code [0x000001c50b8d6040, 0x000001c50b8d6a30]
Event: 13.135 Thread 0x000001c56795a4c0 nmethod 9375 0x000001c512621b90 code [0x000001c512621d40, 0x000001c5126221d0]
Event: 13.136 Thread 0x000001c56795a4c0 9388       4       java.util.concurrent.ConcurrentHashMap::addCount (280 bytes)

GC Heap History (20 events):
Event: 12.766 GC heap before
{Heap before GC invocations=56 (full 2):
 PSYoungGen      total 11264K, used 10996K [0x00000000d5580000, 0x00000000d6580000, 0x0000000100000000)
  eden space 9216K, 100% used [0x00000000d5580000,0x00000000d5e80000,0x00000000d5e80000)
  from space 2048K, 86% used [0x00000000d5e80000,0x00000000d603d070,0x00000000d6080000)
  to   space 3584K, 0% used [0x00000000d6200000,0x00000000d6200000,0x00000000d6580000)
 ParOldGen       total 108544K, used 108308K [0x0000000080000000, 0x0000000086a00000, 0x00000000d5580000)
  object space 108544K, 99% used [0x0000000080000000,0x00000000869c53b0,0x0000000086a00000)
 Metaspace       used 56282K, committed 57600K, reserved 1114112K
  class space    used 5933K, committed 6464K, reserved 1048576K
}
Event: 12.770 GC heap after
{Heap after GC invocations=56 (full 2):
 PSYoungGen      total 11264K, used 1993K [0x00000000d5580000, 0x00000000d6400000, 0x0000000100000000)
  eden space 9216K, 0% used [0x00000000d5580000,0x00000000d5580000,0x00000000d5e80000)
  from space 2048K, 97% used [0x00000000d6200000,0x00000000d63f24d0,0x00000000d6400000)
  to   space 2560K, 0% used [0x00000000d5f00000,0x00000000d5f00000,0x00000000d6180000)
 ParOldGen       total 110080K, used 109899K [0x0000000080000000, 0x0000000086b80000, 0x00000000d5580000)
  object space 110080K, 99% used [0x0000000080000000,0x0000000086b52d68,0x0000000086b80000)
 Metaspace       used 56282K, committed 57600K, reserved 1114112K
  class space    used 5933K, committed 6464K, reserved 1048576K
}
Event: 12.827 GC heap before
{Heap before GC invocations=57 (full 2):
 PSYoungGen      total 11264K, used 11209K [0x00000000d5580000, 0x00000000d6400000, 0x0000000100000000)
  eden space 9216K, 100% used [0x00000000d5580000,0x00000000d5e80000,0x00000000d5e80000)
  from space 2048K, 97% used [0x00000000d6200000,0x00000000d63f24d0,0x00000000d6400000)
  to   space 2560K, 0% used [0x00000000d5f00000,0x00000000d5f00000,0x00000000d6180000)
 ParOldGen       total 110080K, used 109899K [0x0000000080000000, 0x0000000086b80000, 0x00000000d5580000)
  object space 110080K, 99% used [0x0000000080000000,0x0000000086b52d68,0x0000000086b80000)
 Metaspace       used 56297K, committed 57600K, reserved 1114112K
  class space    used 5933K, committed 6464K, reserved 1048576K
}
Event: 12.829 GC heap after
{Heap after GC invocations=57 (full 2):
 PSYoungGen      total 11264K, used 2013K [0x00000000d5580000, 0x00000000d6280000, 0x0000000100000000)
  eden space 9216K, 0% used [0x00000000d5580000,0x00000000d5580000,0x00000000d5e80000)
  from space 2048K, 98% used [0x00000000d5f00000,0x00000000d60f75f0,0x00000000d6100000)
  to   space 1536K, 0% used [0x00000000d6100000,0x00000000d6100000,0x00000000d6280000)
 ParOldGen       total 112128K, used 111706K [0x0000000080000000, 0x0000000086d80000, 0x00000000d5580000)
  object space 112128K, 99% used [0x0000000080000000,0x0000000086d16898,0x0000000086d80000)
 Metaspace       used 56297K, committed 57600K, reserved 1114112K
  class space    used 5933K, committed 6464K, reserved 1048576K
}
Event: 12.873 GC heap before
{Heap before GC invocations=58 (full 2):
 PSYoungGen      total 11264K, used 11229K [0x00000000d5580000, 0x00000000d6280000, 0x0000000100000000)
  eden space 9216K, 100% used [0x00000000d5580000,0x00000000d5e80000,0x00000000d5e80000)
  from space 2048K, 98% used [0x00000000d5f00000,0x00000000d60f75f0,0x00000000d6100000)
  to   space 1536K, 0% used [0x00000000d6100000,0x00000000d6100000,0x00000000d6280000)
 ParOldGen       total 112128K, used 111706K [0x0000000080000000, 0x0000000086d80000, 0x00000000d5580000)
  object space 112128K, 99% used [0x0000000080000000,0x0000000086d16898,0x0000000086d80000)
 Metaspace       used 56312K, committed 57600K, reserved 1114112K
  class space    used 5933K, committed 6464K, reserved 1048576K
}
Event: 12.876 GC heap after
{Heap after GC invocations=58 (full 2):
 PSYoungGen      total 8704K, used 1533K [0x00000000d5580000, 0x00000000d6780000, 0x0000000100000000)
  eden space 7168K, 0% used [0x00000000d5580000,0x00000000d5580000,0x00000000d5c80000)
  from space 1536K, 99% used [0x00000000d6100000,0x00000000d627f440,0x00000000d6280000)
  to   space 4608K, 0% used [0x00000000d5c80000,0x00000000d5c80000,0x00000000d6100000)
 ParOldGen       total 114176K, used 114041K [0x0000000080000000, 0x0000000086f80000, 0x00000000d5580000)
  object space 114176K, 99% used [0x0000000080000000,0x0000000086f5e600,0x0000000086f80000)
 Metaspace       used 56312K, committed 57600K, reserved 1114112K
  class space    used 5933K, committed 6464K, reserved 1048576K
}
Event: 12.911 GC heap before
{Heap before GC invocations=59 (full 2):
 PSYoungGen      total 8704K, used 8701K [0x00000000d5580000, 0x00000000d6780000, 0x0000000100000000)
  eden space 7168K, 100% used [0x00000000d5580000,0x00000000d5c80000,0x00000000d5c80000)
  from space 1536K, 99% used [0x00000000d6100000,0x00000000d627f440,0x00000000d6280000)
  to   space 4608K, 0% used [0x00000000d5c80000,0x00000000d5c80000,0x00000000d6100000)
 ParOldGen       total 114176K, used 114041K [0x0000000080000000, 0x0000000086f80000, 0x00000000d5580000)
  object space 114176K, 99% used [0x0000000080000000,0x0000000086f5e600,0x0000000086f80000)
 Metaspace       used 56326K, committed 57664K, reserved 1114112K
  class space    used 5933K, committed 6464K, reserved 1048576K
}
Event: 12.913 GC heap after
{Heap after GC invocations=59 (full 2):
 PSYoungGen      total 9216K, used 1697K [0x00000000d5580000, 0x00000000d6180000, 0x0000000100000000)
  eden space 7168K, 0% used [0x00000000d5580000,0x00000000d5580000,0x00000000d5c80000)
  from space 2048K, 82% used [0x00000000d5c80000,0x00000000d5e286d8,0x00000000d5e80000)
  to   space 2560K, 0% used [0x00000000d5f00000,0x00000000d5f00000,0x00000000d6180000)
 ParOldGen       total 115712K, used 115613K [0x0000000080000000, 0x0000000087100000, 0x00000000d5580000)
  object space 115712K, 99% used [0x0000000080000000,0x00000000870e7578,0x0000000087100000)
 Metaspace       used 56326K, committed 57664K, reserved 1114112K
  class space    used 5933K, committed 6464K, reserved 1048576K
}
Event: 12.944 GC heap before
{Heap before GC invocations=60 (full 2):
 PSYoungGen      total 9216K, used 8865K [0x00000000d5580000, 0x00000000d6180000, 0x0000000100000000)
  eden space 7168K, 100% used [0x00000000d5580000,0x00000000d5c80000,0x00000000d5c80000)
  from space 2048K, 82% used [0x00000000d5c80000,0x00000000d5e286d8,0x00000000d5e80000)
  to   space 2560K, 0% used [0x00000000d5f00000,0x00000000d5f00000,0x00000000d6180000)
 ParOldGen       total 115712K, used 115613K [0x0000000080000000, 0x0000000087100000, 0x00000000d5580000)
  object space 115712K, 99% used [0x0000000080000000,0x00000000870e7578,0x0000000087100000)
 Metaspace       used 56342K, committed 57664K, reserved 1114112K
  class space    used 5933K, committed 6464K, reserved 1048576K
}
Event: 12.947 GC heap after
{Heap after GC invocations=60 (full 2):
 PSYoungGen      total 8704K, used 1458K [0x00000000d5580000, 0x00000000d6080000, 0x0000000100000000)
  eden space 7168K, 0% used [0x00000000d5580000,0x00000000d5580000,0x00000000d5c80000)
  from space 1536K, 94% used [0x00000000d5f00000,0x00000000d606c930,0x00000000d6080000)
  to   space 2048K, 0% used [0x00000000d5c80000,0x00000000d5c80000,0x00000000d5e80000)
 ParOldGen       total 117248K, used 116988K [0x0000000080000000, 0x0000000087280000, 0x00000000d5580000)
  object space 117248K, 99% used [0x0000000080000000,0x000000008723f390,0x0000000087280000)
 Metaspace       used 56342K, committed 57664K, reserved 1114112K
  class space    used 5933K, committed 6464K, reserved 1048576K
}
Event: 12.976 GC heap before
{Heap before GC invocations=61 (full 2):
 PSYoungGen      total 8704K, used 8626K [0x00000000d5580000, 0x00000000d6080000, 0x0000000100000000)
  eden space 7168K, 100% used [0x00000000d5580000,0x00000000d5c80000,0x00000000d5c80000)
  from space 1536K, 94% used [0x00000000d5f00000,0x00000000d606c930,0x00000000d6080000)
  to   space 2048K, 0% used [0x00000000d5c80000,0x00000000d5c80000,0x00000000d5e80000)
 ParOldGen       total 117248K, used 116988K [0x0000000080000000, 0x0000000087280000, 0x00000000d5580000)
  object space 117248K, 99% used [0x0000000080000000,0x000000008723f390,0x0000000087280000)
 Metaspace       used 56360K, committed 57664K, reserved 1114112K
  class space    used 5933K, committed 6464K, reserved 1048576K
}
Event: 12.977 GC heap after
{Heap after GC invocations=61 (full 2):
 PSYoungGen      total 8704K, used 1472K [0x00000000d5580000, 0x00000000d5f80000, 0x0000000100000000)
  eden space 7168K, 0% used [0x00000000d5580000,0x00000000d5580000,0x00000000d5c80000)
  from space 1536K, 95% used [0x00000000d5c80000,0x00000000d5df0288,0x00000000d5e00000)
  to   space 1536K, 0% used [0x00000000d5e00000,0x00000000d5e00000,0x00000000d5f80000)
 ParOldGen       total 118784K, used 118310K [0x0000000080000000, 0x0000000087400000, 0x00000000d5580000)
  object space 118784K, 99% used [0x0000000080000000,0x0000000087389880,0x0000000087400000)
 Metaspace       used 56360K, committed 57664K, reserved 1114112K
  class space    used 5933K, committed 6464K, reserved 1048576K
}
Event: 13.005 GC heap before
{Heap before GC invocations=62 (full 2):
 PSYoungGen      total 8704K, used 8640K [0x00000000d5580000, 0x00000000d5f80000, 0x0000000100000000)
  eden space 7168K, 100% used [0x00000000d5580000,0x00000000d5c80000,0x00000000d5c80000)
  from space 1536K, 95% used [0x00000000d5c80000,0x00000000d5df0288,0x00000000d5e00000)
  to   space 1536K, 0% used [0x00000000d5e00000,0x00000000d5e00000,0x00000000d5f80000)
 ParOldGen       total 118784K, used 118310K [0x0000000080000000, 0x0000000087400000, 0x00000000d5580000)
  object space 118784K, 99% used [0x0000000080000000,0x0000000087389880,0x0000000087400000)
 Metaspace       used 56375K, committed 57664K, reserved 1114112K
  class space    used 5933K, committed 6464K, reserved 1048576K
}
Event: 13.008 GC heap after
{Heap after GC invocations=62 (full 2):
 PSYoungGen      total 6656K, used 1504K [0x00000000d5580000, 0x00000000d6380000, 0x0000000100000000)
  eden space 5120K, 0% used [0x00000000d5580000,0x00000000d5580000,0x00000000d5a80000)
  from space 1536K, 97% used [0x00000000d5e00000,0x00000000d5f781c0,0x00000000d5f80000)
  to   space 3584K, 0% used [0x00000000d5a80000,0x00000000d5a80000,0x00000000d5e00000)
 ParOldGen       total 119808K, used 119774K [0x0000000080000000, 0x0000000087500000, 0x00000000d5580000)
  object space 119808K, 99% used [0x0000000080000000,0x00000000874f7858,0x0000000087500000)
 Metaspace       used 56375K, committed 57664K, reserved 1114112K
  class space    used 5933K, committed 6464K, reserved 1048576K
}
Event: 13.041 GC heap before
{Heap before GC invocations=63 (full 2):
 PSYoungGen      total 6656K, used 6624K [0x00000000d5580000, 0x00000000d6380000, 0x0000000100000000)
  eden space 5120K, 100% used [0x00000000d5580000,0x00000000d5a80000,0x00000000d5a80000)
  from space 1536K, 97% used [0x00000000d5e00000,0x00000000d5f781c0,0x00000000d5f80000)
  to   space 3584K, 0% used [0x00000000d5a80000,0x00000000d5a80000,0x00000000d5e00000)
 ParOldGen       total 119808K, used 119774K [0x0000000080000000, 0x0000000087500000, 0x00000000d5580000)
  object space 119808K, 99% used [0x0000000080000000,0x00000000874f7858,0x0000000087500000)
 Metaspace       used 56381K, committed 57664K, reserved 1114112K
  class space    used 5933K, committed 6464K, reserved 1048576K
}
Event: 13.043 GC heap after
{Heap after GC invocations=63 (full 2):
 PSYoungGen      total 6656K, used 1106K [0x00000000d5580000, 0x00000000d5e80000, 0x0000000100000000)
  eden space 5120K, 0% used [0x00000000d5580000,0x00000000d5580000,0x00000000d5a80000)
  from space 1536K, 72% used [0x00000000d5a80000,0x00000000d5b94a50,0x00000000d5c00000)
  to   space 2048K, 0% used [0x00000000d5c80000,0x00000000d5c80000,0x00000000d5e80000)
 ParOldGen       total 121344K, used 121138K [0x0000000080000000, 0x0000000087680000, 0x00000000d5580000)
  object space 121344K, 99% used [0x0000000080000000,0x000000008764cb10,0x0000000087680000)
 Metaspace       used 56381K, committed 57664K, reserved 1114112K
  class space    used 5933K, committed 6464K, reserved 1048576K
}
Event: 13.085 GC heap before
{Heap before GC invocations=64 (full 2):
 PSYoungGen      total 6656K, used 6226K [0x00000000d5580000, 0x00000000d5e80000, 0x0000000100000000)
  eden space 5120K, 100% used [0x00000000d5580000,0x00000000d5a80000,0x00000000d5a80000)
  from space 1536K, 72% used [0x00000000d5a80000,0x00000000d5b94a50,0x00000000d5c00000)
  to   space 2048K, 0% used [0x00000000d5c80000,0x00000000d5c80000,0x00000000d5e80000)
 ParOldGen       total 121344K, used 121138K [0x0000000080000000, 0x0000000087680000, 0x00000000d5580000)
  object space 121344K, 99% used [0x0000000080000000,0x000000008764cb10,0x0000000087680000)
 Metaspace       used 56484K, committed 57856K, reserved 1114112K
  class space    used 5946K, committed 6528K, reserved 1048576K
}
Event: 13.089 GC heap after
{Heap after GC invocations=64 (full 2):
 PSYoungGen      total 5632K, used 480K [0x00000000d5580000, 0x00000000d5d00000, 0x0000000100000000)
  eden space 5120K, 0% used [0x00000000d5580000,0x00000000d5580000,0x00000000d5a80000)
  from space 512K, 93% used [0x00000000d5c80000,0x00000000d5cf8000,0x00000000d5d00000)
  to   space 1024K, 0% used [0x00000000d5b00000,0x00000000d5b00000,0x00000000d5c00000)
 ParOldGen       total 123904K, used 123841K [0x0000000080000000, 0x0000000087900000, 0x00000000d5580000)
  object space 123904K, 99% used [0x0000000080000000,0x00000000878f04e8,0x0000000087900000)
 Metaspace       used 56484K, committed 57856K, reserved 1114112K
  class space    used 5946K, committed 6528K, reserved 1048576K
}
Event: 13.133 GC heap before
{Heap before GC invocations=65 (full 2):
 PSYoungGen      total 5632K, used 5586K [0x00000000d5580000, 0x00000000d5d00000, 0x0000000100000000)
  eden space 5120K, 99% used [0x00000000d5580000,0x00000000d5a7ca80,0x00000000d5a80000)
  from space 512K, 93% used [0x00000000d5c80000,0x00000000d5cf8000,0x00000000d5d00000)
  to   space 1024K, 0% used [0x00000000d5b00000,0x00000000d5b00000,0x00000000d5c00000)
 ParOldGen       total 123904K, used 123841K [0x0000000080000000, 0x0000000087900000, 0x00000000d5580000)
  object space 123904K, 99% used [0x0000000080000000,0x00000000878f04e8,0x0000000087900000)
 Metaspace       used 56656K, committed 57984K, reserved 1114112K
  class space    used 5966K, committed 6528K, reserved 1048576K
}
Event: 13.135 GC heap after
{Heap after GC invocations=65 (full 2):
 PSYoungGen      total 6144K, used 1015K [0x00000000d5580000, 0x00000000d5e80000, 0x0000000100000000)
  eden space 5120K, 0% used [0x00000000d5580000,0x00000000d5580000,0x00000000d5a80000)
  from space 1024K, 99% used [0x00000000d5b00000,0x00000000d5bfdf38,0x00000000d5c00000)
  to   space 2048K, 0% used [0x00000000d5c80000,0x00000000d5c80000,0x00000000d5e80000)
 ParOldGen       total 124928K, used 124477K [0x0000000080000000, 0x0000000087a00000, 0x00000000d5580000)
  object space 124928K, 99% used [0x0000000080000000,0x000000008798f408,0x0000000087a00000)
 Metaspace       used 56656K, committed 57984K, reserved 1114112K
  class space    used 5966K, committed 6528K, reserved 1048576K
}

Dll operation events (10 events):
Event: 0.013 Loaded shared library c:\Users\Administrator\.trae-cn\extensions\redhat.java-1.44.0-win32-x64\jre\21.0.8-win32-x86_64\bin\java.dll
Event: 0.069 Loaded shared library c:\Users\Administrator\.trae-cn\extensions\redhat.java-1.44.0-win32-x64\jre\21.0.8-win32-x86_64\bin\zip.dll
Event: 0.177 Loaded shared library C:\Users\Administrator\.trae-cn\extensions\redhat.java-1.44.0-win32-x64\jre\21.0.8-win32-x86_64\bin\instrument.dll
Event: 0.184 Loaded shared library C:\Users\Administrator\.trae-cn\extensions\redhat.java-1.44.0-win32-x64\jre\21.0.8-win32-x86_64\bin\net.dll
Event: 0.187 Loaded shared library C:\Users\Administrator\.trae-cn\extensions\redhat.java-1.44.0-win32-x64\jre\21.0.8-win32-x86_64\bin\nio.dll
Event: 0.194 Loaded shared library C:\Users\Administrator\.trae-cn\extensions\redhat.java-1.44.0-win32-x64\jre\21.0.8-win32-x86_64\bin\zip.dll
Event: 0.349 Loaded shared library C:\Users\Administrator\.trae-cn\extensions\redhat.java-1.44.0-win32-x64\jre\21.0.8-win32-x86_64\bin\jimage.dll
Event: 0.455 Loaded shared library c:\Users\Administrator\.trae-cn\extensions\redhat.java-1.44.0-win32-x64\jre\21.0.8-win32-x86_64\bin\verify.dll
Event: 2.160 Loaded shared library C:\Users\Administrator\AppData\Roaming\Trae CN\User\globalStorage\redhat.java\1.44.0\config_win\org.eclipse.equinox.launcher\org.eclipse.equinox.launcher.win32.win32.x86_64_1.2.1400.v20250730-1736\eclipse_11913.dll
Event: 4.829 Loaded shared library C:\Users\Administrator\AppData\Local\Temp\jna-146731693\jna9351709099529749253.dll

Deoptimization events (20 events):
Event: 13.001 Thread 0x000001c56609a120 DEOPT PACKING pc=0x000001c50b718ba2 sp=0x0000001b3aefe620
Event: 13.001 Thread 0x000001c56609a120 DEOPT UNPACKING pc=0x000001c511c64242 sp=0x0000001b3aefdb98 mode 0
Event: 13.011 Thread 0x000001c56609a120 DEOPT PACKING pc=0x000001c50b718ba2 sp=0x0000001b3aefe620
Event: 13.011 Thread 0x000001c56609a120 DEOPT UNPACKING pc=0x000001c511c64242 sp=0x0000001b3aefdb98 mode 0
Event: 13.121 Thread 0x000001c5683016d0 Uncommon trap: trap_request=0xffffffc6 fr.pc=0x000001c5125856a0 relative=0x0000000000000d60
Event: 13.121 Thread 0x000001c5683016d0 Uncommon trap: reason=bimorphic_or_optimized_type_check action=maybe_recompile pc=0x000001c5125856a0 method=java.util.concurrent.ConcurrentHashMap.putVal(Ljava/lang/Object;Ljava/lang/Object;Z)Ljava/lang/Object; @ 242 c2
Event: 13.121 Thread 0x000001c5683016d0 DEOPT PACKING pc=0x000001c5125856a0 sp=0x0000001b3e7fe270
Event: 13.121 Thread 0x000001c5683016d0 DEOPT UNPACKING pc=0x000001c511c63aa2 sp=0x0000001b3e7fe1e0 mode 2
Event: 13.121 Thread 0x000001c5683016d0 Uncommon trap: trap_request=0xffffffde fr.pc=0x000001c512387fd4 relative=0x00000000000000b4
Event: 13.121 Thread 0x000001c568307fd0 Uncommon trap: trap_request=0xffffffde fr.pc=0x000001c512387fd4 relative=0x00000000000000b4
Event: 13.121 Thread 0x000001c5683016d0 Uncommon trap: reason=class_check action=maybe_recompile pc=0x000001c512387fd4 method=jdk.internal.util.StrongReferenceKey.equals(Ljava/lang/Object;)Z @ 1 c2
Event: 13.121 Thread 0x000001c568307fd0 Uncommon trap: reason=class_check action=maybe_recompile pc=0x000001c512387fd4 method=jdk.internal.util.StrongReferenceKey.equals(Ljava/lang/Object;)Z @ 1 c2
Event: 13.121 Thread 0x000001c5683016d0 DEOPT PACKING pc=0x000001c512387fd4 sp=0x0000001b3e7fddd0
Event: 13.121 Thread 0x000001c5683016d0 DEOPT UNPACKING pc=0x000001c511c63aa2 sp=0x0000001b3e7fdd58 mode 2
Event: 13.121 Thread 0x000001c568307fd0 DEOPT PACKING pc=0x000001c512387fd4 sp=0x0000001b3e6fe0b0
Event: 13.121 Thread 0x000001c568307fd0 DEOPT UNPACKING pc=0x000001c511c63aa2 sp=0x0000001b3e6fe038 mode 2
Event: 13.122 Thread 0x000001c5683016d0 Uncommon trap: trap_request=0xffffff45 fr.pc=0x000001c5125854c4 relative=0x0000000000000b84
Event: 13.122 Thread 0x000001c5683016d0 Uncommon trap: reason=unstable_if action=reinterpret pc=0x000001c5125854c4 method=java.util.concurrent.ConcurrentHashMap.putVal(Ljava/lang/Object;Ljava/lang/Object;Z)Ljava/lang/Object; @ 97 c2
Event: 13.122 Thread 0x000001c5683016d0 DEOPT PACKING pc=0x000001c5125854c4 sp=0x0000001b3e7fe040
Event: 13.122 Thread 0x000001c5683016d0 DEOPT UNPACKING pc=0x000001c511c63aa2 sp=0x0000001b3e7fdfc8 mode 2

Classes loaded (20 events):
Event: 9.603 Loading class sun/security/provider/MD5
Event: 9.603 Loading class sun/security/provider/MD5 done
Event: 9.603 Loading class sun/security/provider/ByteArrayAccess$LE
Event: 9.603 Loading class sun/security/provider/ByteArrayAccess$LE done
Event: 9.795 Loading class java/util/concurrent/ForkJoinTask$AdaptedCallable
Event: 9.795 Loading class java/util/concurrent/ForkJoinTask$AdaptedCallable done
Event: 9.844 Loading class java/lang/Runtime$VersionPattern
Event: 9.844 Loading class java/lang/Runtime$VersionPattern done
Event: 10.159 Loading class java/util/Vector$1
Event: 10.160 Loading class java/util/Vector$1 done
Event: 10.663 Loading class java/util/regex/Pattern$Caret
Event: 10.663 Loading class java/util/regex/Pattern$Caret done
Event: 11.469 Loading class java/util/concurrent/ArrayBlockingQueue
Event: 11.470 Loading class java/util/concurrent/ArrayBlockingQueue done
Event: 11.659 Loading class java/util/Hashtable$ValueCollection
Event: 11.659 Loading class java/util/Hashtable$ValueCollection done
Event: 11.672 Loading class java/util/concurrent/ConcurrentHashMap$KeySpliterator
Event: 11.672 Loading class java/util/concurrent/ConcurrentHashMap$KeySpliterator done
Event: 11.697 Loading class sun/nio/ch/ChannelOutputStream
Event: 11.697 Loading class sun/nio/ch/ChannelOutputStream done

Classes unloaded (7 events):
Event: 6.092 Thread 0x000001c5075a0b60 Unloading class 0x000001c51f1acc00 'java/lang/invoke/LambdaForm$MH+0x000001c51f1acc00'
Event: 6.092 Thread 0x000001c5075a0b60 Unloading class 0x000001c51f1ac800 'java/lang/invoke/LambdaForm$MH+0x000001c51f1ac800'
Event: 6.093 Thread 0x000001c5075a0b60 Unloading class 0x000001c51f1ac400 'java/lang/invoke/LambdaForm$MH+0x000001c51f1ac400'
Event: 6.093 Thread 0x000001c5075a0b60 Unloading class 0x000001c51f1ac000 'java/lang/invoke/LambdaForm$MH+0x000001c51f1ac000'
Event: 6.093 Thread 0x000001c5075a0b60 Unloading class 0x000001c51f1abc00 'java/lang/invoke/LambdaForm$BMH+0x000001c51f1abc00'
Event: 6.093 Thread 0x000001c5075a0b60 Unloading class 0x000001c51f1ab800 'java/lang/invoke/LambdaForm$DMH+0x000001c51f1ab800'
Event: 6.093 Thread 0x000001c5075a0b60 Unloading class 0x000001c51f1aa800 'java/lang/invoke/LambdaForm$DMH+0x000001c51f1aa800'

Classes redefined (0 events):
No events

Internal exceptions (20 events):
Event: 9.800 Thread 0x000001c56935ee80 Exception <a 'sun/nio/fs/WindowsException'{0x00000000d5832080}> (0x00000000d5832080) 
thrown [s\src\hotspot\share\prims\jni.cpp, line 520]
Event: 9.800 Thread 0x000001c569362990 Exception <a 'sun/nio/fs/WindowsException'{0x00000000d581ce18}> (0x00000000d581ce18) 
thrown [s\src\hotspot\share\prims\jni.cpp, line 520]
Event: 9.800 Thread 0x000001c56935e7f0 Exception <a 'sun/nio/fs/WindowsException'{0x00000000d58263c8}> (0x00000000d58263c8) 
thrown [s\src\hotspot\share\prims\jni.cpp, line 520]
Event: 9.801 Thread 0x000001c569363020 Exception <a 'sun/nio/fs/WindowsException'{0x00000000d586bd68}> (0x00000000d586bd68) 
thrown [s\src\hotspot\share\prims\jni.cpp, line 520]
Event: 9.801 Thread 0x000001c569360230 Exception <a 'sun/nio/fs/WindowsException'{0x00000000d5860700}> (0x00000000d5860700) 
thrown [s\src\hotspot\share\prims\jni.cpp, line 520]
Event: 9.803 Thread 0x000001c569362990 Exception <a 'sun/nio/fs/WindowsException'{0x00000000d5820038}> (0x00000000d5820038) 
thrown [s\src\hotspot\share\prims\jni.cpp, line 520]
Event: 11.297 Thread 0x000001c5678118b0 Exception <a 'java/lang/NoSuchMethodError'{0x00000000d60e2218}: 'int java.lang.invoke.DirectMethodHandle$Holder.invokeSpecialIFC(java.lang.Object, java.lang.Object, java.lang.Object)'> (0x00000000d60e2218) 
thrown [s\src\hotspot\share\interpreter\linkResolver.cpp, line 773]
Event: 11.629 Thread 0x000001c5683023f0 Exception <a 'java/lang/NoSuchMethodError'{0x00000000d5d7bb88}: 'void java.lang.invoke.DirectMethodHandle$Holder.invokeStatic(java.lang.Object, int, java.lang.Object)'> (0x00000000d5d7bb88) 
thrown [s\src\hotspot\share\interpreter\linkResolver.cpp, line 773]
Event: 11.686 Thread 0x000001c5678118b0 Exception <a 'java/lang/NoSuchMethodError'{0x00000000d55a6c48}: 'java.lang.Object java.lang.invoke.DirectMethodHandle$Holder.newInvokeSpecial(java.lang.Object, java.lang.Object, int, int, java.lang.Object)'> (0x00000000d55a6c48) 
thrown [s\src\hotspot\share\interpreter\linkResolver.cpp, line 773]
Event: 12.012 Thread 0x000001c5678118b0 Exception <a 'sun/nio/fs/WindowsException'{0x00000000d5582670}> (0x00000000d5582670) 
thrown [s\src\hotspot\share\prims\jni.cpp, line 520]
Event: 12.013 Thread 0x000001c56935e160 Exception <a 'sun/nio/fs/WindowsException'{0x00000000d55b4200}> (0x00000000d55b4200) 
thrown [s\src\hotspot\share\prims\jni.cpp, line 520]
Event: 12.021 Thread 0x000001c5678118b0 Exception <a 'sun/nio/fs/WindowsException'{0x00000000d5645848}> (0x00000000d5645848) 
thrown [s\src\hotspot\share\prims\jni.cpp, line 520]
Event: 12.021 Thread 0x000001c5678118b0 Exception <a 'sun/nio/fs/WindowsException'{0x00000000d5645ec0}> (0x00000000d5645ec0) 
thrown [s\src\hotspot\share\prims\jni.cpp, line 520]
Event: 12.023 Thread 0x000001c5678118b0 Exception <a 'java/io/FileNotFoundException'{0x00000000d5708460}> (0x00000000d5708460) 
thrown [s\src\hotspot\share\prims\jni.cpp, line 520]
Event: 12.023 Thread 0x000001c5678118b0 Exception <a 'java/io/FileNotFoundException'{0x00000000d5709450}> (0x00000000d5709450) 
thrown [s\src\hotspot\share\prims\jni.cpp, line 520]
Event: 12.026 Thread 0x000001c5678118b0 Exception <a 'sun/nio/fs/WindowsException'{0x00000000d576a6e8}> (0x00000000d576a6e8) 
thrown [s\src\hotspot\share\prims\jni.cpp, line 520]
Event: 12.026 Thread 0x000001c5678118b0 Exception <a 'sun/nio/fs/WindowsException'{0x00000000d576ad60}> (0x00000000d576ad60) 
thrown [s\src\hotspot\share\prims\jni.cpp, line 520]
Event: 12.235 Thread 0x000001c5678118b0 Exception <a 'java/lang/NoSuchMethodError'{0x00000000d5a84b60}: 'void java.lang.invoke.DirectMethodHandle$Holder.invokeStatic(java.lang.Object, java.lang.Object, java.lang.Object, int)'> (0x00000000d5a84b60) 
thrown [s\src\hotspot\share\interpreter\linkResolver.cpp, line 773]
Event: 12.254 Thread 0x000001c5678118b0 Exception <a 'java/lang/NoSuchMethodError'{0x00000000d5c71628}: 'void java.lang.invoke.DirectMethodHandle$Holder.invokeVirtual(java.lang.Object, java.lang.Object, int)'> (0x00000000d5c71628) 
thrown [s\src\hotspot\share\interpreter\linkResolver.cpp, line 773]
Event: 13.103 Thread 0x000001c5678118b0 Exception <a 'java/lang/NoSuchMethodError'{0x00000000d574a6b8}: 'void java.lang.invoke.DirectMethodHandle$Holder.invokeInterface(java.lang.Object, java.lang.Object)'> (0x00000000d574a6b8) 
thrown [s\src\hotspot\share\interpreter\linkResolver.cpp, line 773]

ZGC Phase Switch (0 events):
No events

VM Operations (20 events):
Event: 12.766 Executing VM operation: ParallelGCFailedAllocation (Allocation Failure)
Event: 12.770 Executing VM operation: ParallelGCFailedAllocation (Allocation Failure) done
Event: 12.827 Executing VM operation: ParallelGCFailedAllocation (Allocation Failure)
Event: 12.829 Executing VM operation: ParallelGCFailedAllocation (Allocation Failure) done
Event: 12.872 Executing VM operation: ParallelGCFailedAllocation (Allocation Failure)
Event: 12.876 Executing VM operation: ParallelGCFailedAllocation (Allocation Failure) done
Event: 12.911 Executing VM operation: ParallelGCFailedAllocation (Allocation Failure)
Event: 12.913 Executing VM operation: ParallelGCFailedAllocation (Allocation Failure) done
Event: 12.944 Executing VM operation: ParallelGCFailedAllocation (Allocation Failure)
Event: 12.947 Executing VM operation: ParallelGCFailedAllocation (Allocation Failure) done
Event: 12.976 Executing VM operation: ParallelGCFailedAllocation (Allocation Failure)
Event: 12.977 Executing VM operation: ParallelGCFailedAllocation (Allocation Failure) done
Event: 13.005 Executing VM operation: ParallelGCFailedAllocation (Allocation Failure)
Event: 13.008 Executing VM operation: ParallelGCFailedAllocation (Allocation Failure) done
Event: 13.041 Executing VM operation: ParallelGCFailedAllocation (Allocation Failure)
Event: 13.043 Executing VM operation: ParallelGCFailedAllocation (Allocation Failure) done
Event: 13.085 Executing VM operation: ParallelGCFailedAllocation (Allocation Failure)
Event: 13.089 Executing VM operation: ParallelGCFailedAllocation (Allocation Failure) done
Event: 13.131 Executing VM operation: ParallelGCFailedAllocation (Allocation Failure)
Event: 13.135 Executing VM operation: ParallelGCFailedAllocation (Allocation Failure) done

Memory protections (0 events):
No events

Nmethod flushes (20 events):
Event: 7.819 Thread 0x000001c5075a0b60 flushing  nmethod 0x000001c50ad69c10
Event: 7.819 Thread 0x000001c5075a0b60 flushing  nmethod 0x000001c50ad6a390
Event: 7.819 Thread 0x000001c5075a0b60 flushing  nmethod 0x000001c50ad6b910
Event: 7.819 Thread 0x000001c5075a0b60 flushing  nmethod 0x000001c50ad6be10
Event: 7.819 Thread 0x000001c5075a0b60 flushing  nmethod 0x000001c50ad6c710
Event: 7.819 Thread 0x000001c5075a0b60 flushing  nmethod 0x000001c50ad6d710
Event: 7.819 Thread 0x000001c5075a0b60 flushing  nmethod 0x000001c50ad6f190
Event: 7.819 Thread 0x000001c5075a0b60 flushing  nmethod 0x000001c50ad7a410
Event: 7.819 Thread 0x000001c5075a0b60 flushing  nmethod 0x000001c50ad92d10
Event: 7.819 Thread 0x000001c5075a0b60 flushing  nmethod 0x000001c50ad99410
Event: 7.819 Thread 0x000001c5075a0b60 flushing  nmethod 0x000001c50ada3a90
Event: 7.819 Thread 0x000001c5075a0b60 flushing  nmethod 0x000001c50adab290
Event: 7.819 Thread 0x000001c5075a0b60 flushing  nmethod 0x000001c50adb0310
Event: 7.819 Thread 0x000001c5075a0b60 flushing  nmethod 0x000001c50adb8d90
Event: 7.819 Thread 0x000001c5075a0b60 flushing  nmethod 0x000001c50ae0e410
Event: 7.819 Thread 0x000001c5075a0b60 flushing  nmethod 0x000001c50ae37090
Event: 7.819 Thread 0x000001c5075a0b60 flushing  nmethod 0x000001c50ae48190
Event: 7.819 Thread 0x000001c5075a0b60 flushing  nmethod 0x000001c50ae63610
Event: 7.819 Thread 0x000001c5075a0b60 flushing  nmethod 0x000001c50ae7fc10
Event: 7.819 Thread 0x000001c5075a0b60 flushing  nmethod 0x000001c50ae80090

Events (20 events):
Event: 9.841 Thread 0x000001c5693636b0 Thread added: 0x000001c56935cdb0
Event: 9.841 Thread 0x000001c569362300 Thread added: 0x000001c5683072b0
Event: 9.841 Thread 0x000001c56935cdb0 Thread added: 0x000001c568302a80
Event: 9.841 Thread 0x000001c5683072b0 Thread added: 0x000001c568303e30
Event: 11.284 Thread 0x000001c566618260 Thread exited: 0x000001c566618260
Event: 11.471 Thread 0x000001c5678118b0 Thread added: 0x000001c5683023f0
Event: 11.687 Thread 0x000001c5678118b0 Thread added: 0x000001c5683037a0
Event: 11.800 Thread 0x000001c5678118b0 Thread added: 0x000001c5683044c0
Event: 11.828 Thread 0x000001c5678118b0 Thread added: 0x000001c568303110
Event: 11.864 Thread 0x000001c5678118b0 Thread added: 0x000001c568304b50
Event: 11.877 Thread 0x000001c5678118b0 Thread added: 0x000001c5683051e0
Event: 11.882 Thread 0x000001c5678118b0 Thread added: 0x000001c568305f00
Event: 11.887 Thread 0x000001c5678118b0 Thread added: 0x000001c568301040
Event: 11.909 Thread 0x000001c5678118b0 Thread added: 0x000001c568306590
Event: 11.920 Thread 0x000001c5678118b0 Thread added: 0x000001c568306c20
Event: 11.925 Thread 0x000001c5678118b0 Thread added: 0x000001c5683009b0
Event: 13.119 Thread 0x000001c5678118b0 Thread added: 0x000001c568307fd0
Event: 13.119 Thread 0x000001c5678118b0 Thread added: 0x000001c5683016d0
Event: 13.120 Thread 0x000001c5678118b0 Thread added: 0x000001c568301d60
Event: 13.121 Thread 0x000001c5678118b0 Thread added: 0x000001c568843db0


Dynamic libraries:
0x00007ff719990000 - 0x00007ff71999e000 	c:\Users\Administrator\.trae-cn\extensions\redhat.java-1.44.0-win32-x64\jre\21.0.8-win32-x86_64\bin\java.exe
0x00007ffce0b30000 - 0x00007ffce0d28000 	C:\windows\SYSTEM32\ntdll.dll
0x00007ffcdf620000 - 0x00007ffcdf6dd000 	C:\windows\System32\KERNEL32.DLL
0x00007ffcde890000 - 0x00007ffcdeb86000 	C:\windows\System32\KERNELBASE.dll
0x00007ffcde720000 - 0x00007ffcde820000 	C:\windows\System32\ucrtbase.dll
0x00007ffc8e750000 - 0x00007ffc8e768000 	c:\Users\Administrator\.trae-cn\extensions\redhat.java-1.44.0-win32-x64\jre\21.0.8-win32-x86_64\bin\jli.dll
0x00007ffcdf000000 - 0x00007ffcdf19e000 	C:\windows\System32\USER32.dll
0x00007ffcde400000 - 0x00007ffcde422000 	C:\windows\System32\win32u.dll
0x00007ffcdf1a0000 - 0x00007ffcdf1cc000 	C:\windows\System32\GDI32.dll
0x00007ffcde210000 - 0x00007ffcde32a000 	C:\windows\System32\gdi32full.dll
0x00007ffcde360000 - 0x00007ffcde3fd000 	C:\windows\System32\msvcp_win.dll
0x00007ffc8c0f0000 - 0x00007ffc8c10e000 	c:\Users\Administrator\.trae-cn\extensions\redhat.java-1.44.0-win32-x64\jre\21.0.8-win32-x86_64\bin\VCRUNTIME140.dll
0x00007ffcd1420000 - 0x00007ffcd16ba000 	C:\windows\WinSxS\amd64_microsoft.windows.common-controls_6595b64144ccf1df_6.0.19041.3636_none_60b6a03d71f818d5\COMCTL32.dll
0x00007ffcdf550000 - 0x00007ffcdf5ee000 	C:\windows\System32\msvcrt.dll
0x00007ffcdf5f0000 - 0x00007ffcdf620000 	C:\windows\System32\IMM32.DLL
0x00007ffc9a5f0000 - 0x00007ffc9a5fc000 	c:\Users\Administrator\.trae-cn\extensions\redhat.java-1.44.0-win32-x64\jre\21.0.8-win32-x86_64\bin\vcruntime140_1.dll
0x00007ffc82740000 - 0x00007ffc827cd000 	c:\Users\Administrator\.trae-cn\extensions\redhat.java-1.44.0-win32-x64\jre\21.0.8-win32-x86_64\bin\msvcp140.dll
0x00007ffbe97f0000 - 0x00007ffbea587000 	c:\Users\Administrator\.trae-cn\extensions\redhat.java-1.44.0-win32-x64\jre\21.0.8-win32-x86_64\bin\server\jvm.dll
0x00007ffcdffd0000 - 0x00007ffce007f000 	C:\windows\System32\ADVAPI32.dll
0x00007ffce0090000 - 0x00007ffce012c000 	C:\windows\System32\sechost.dll
0x00007ffcdf420000 - 0x00007ffcdf546000 	C:\windows\System32\RPCRT4.dll
0x00007ffcdff60000 - 0x00007ffcdffcb000 	C:\windows\System32\WS2_32.dll
0x00007ffcdd730000 - 0x00007ffcdd77b000 	C:\windows\SYSTEM32\POWRPROF.dll
0x00007ffcd3cc0000 - 0x00007ffcd3ce7000 	C:\windows\SYSTEM32\WINMM.dll
0x00007ffcd6c10000 - 0x00007ffcd6c1a000 	C:\windows\SYSTEM32\VERSION.dll
0x00007ffcdd5f0000 - 0x00007ffcdd602000 	C:\windows\SYSTEM32\UMPDC.dll
0x00007ffcdca70000 - 0x00007ffcdca82000 	C:\windows\SYSTEM32\kernel.appcore.dll
0x00007ffc9a3b0000 - 0x00007ffc9a3ba000 	c:\Users\Administrator\.trae-cn\extensions\redhat.java-1.44.0-win32-x64\jre\21.0.8-win32-x86_64\bin\jimage.dll
0x00007ffcdbdf0000 - 0x00007ffcdbfd4000 	C:\windows\SYSTEM32\DBGHELP.DLL
0x00007ffcc1760000 - 0x00007ffcc1794000 	C:\windows\SYSTEM32\dbgcore.DLL
0x00007ffcde430000 - 0x00007ffcde4b2000 	C:\windows\System32\bcryptPrimitives.dll
0x00007ffc97fa0000 - 0x00007ffc97faf000 	c:\Users\Administrator\.trae-cn\extensions\redhat.java-1.44.0-win32-x64\jre\21.0.8-win32-x86_64\bin\instrument.dll
0x00007ffc8b9f0000 - 0x00007ffc8ba0f000 	c:\Users\Administrator\.trae-cn\extensions\redhat.java-1.44.0-win32-x64\jre\21.0.8-win32-x86_64\bin\java.dll
0x00007ffcdf810000 - 0x00007ffcdff55000 	C:\windows\System32\SHELL32.dll
0x00007ffcdc260000 - 0x00007ffcdc9fb000 	C:\windows\SYSTEM32\windows.storage.dll
0x00007ffce0570000 - 0x00007ffce08c4000 	C:\windows\System32\combase.dll
0x00007ffcddb70000 - 0x00007ffcddb9d000 	C:\windows\SYSTEM32\Wldp.dll
0x00007ffce0950000 - 0x00007ffce09fd000 	C:\windows\System32\SHCORE.dll
0x00007ffcdf1d0000 - 0x00007ffcdf225000 	C:\windows\System32\shlwapi.dll
0x00007ffcde140000 - 0x00007ffcde165000 	C:\windows\SYSTEM32\profapi.dll
0x00007ffc8b7b0000 - 0x00007ffc8b7c8000 	c:\Users\Administrator\.trae-cn\extensions\redhat.java-1.44.0-win32-x64\jre\21.0.8-win32-x86_64\bin\zip.dll
0x00007ffc93160000 - 0x00007ffc93170000 	C:\Users\Administrator\.trae-cn\extensions\redhat.java-1.44.0-win32-x64\jre\21.0.8-win32-x86_64\bin\net.dll
0x00007ffcd79e0000 - 0x00007ffcd7aea000 	C:\windows\SYSTEM32\WINHTTP.dll
0x00007ffcdd950000 - 0x00007ffcdd9ba000 	C:\windows\system32\mswsock.dll
0x00007ffc8ae40000 - 0x00007ffc8ae56000 	C:\Users\Administrator\.trae-cn\extensions\redhat.java-1.44.0-win32-x64\jre\21.0.8-win32-x86_64\bin\nio.dll
0x00007ffc930a0000 - 0x00007ffc930b0000 	c:\Users\Administrator\.trae-cn\extensions\redhat.java-1.44.0-win32-x64\jre\21.0.8-win32-x86_64\bin\verify.dll
0x00007ffc8ed80000 - 0x00007ffc8edc5000 	C:\Users\Administrator\AppData\Roaming\Trae CN\User\globalStorage\redhat.java\1.44.0\config_win\org.eclipse.equinox.launcher\org.eclipse.equinox.launcher.win32.win32.x86_64_1.2.1400.v20250730-1736\eclipse_11913.dll
0x00007ffcdf6e0000 - 0x00007ffcdf80b000 	C:\windows\System32\ole32.dll
0x00007ffcddbb0000 - 0x00007ffcddbc8000 	C:\windows\SYSTEM32\CRYPTSP.dll
0x00007ffcdd230000 - 0x00007ffcdd264000 	C:\windows\system32\rsaenh.dll
0x00007ffcde330000 - 0x00007ffcde357000 	C:\windows\System32\bcrypt.dll
0x00007ffcde100000 - 0x00007ffcde12e000 	C:\windows\SYSTEM32\USERENV.dll
0x00007ffcddae0000 - 0x00007ffcddaec000 	C:\windows\SYSTEM32\CRYPTBASE.dll
0x00007ffcdd610000 - 0x00007ffcdd64b000 	C:\windows\SYSTEM32\IPHLPAPI.DLL
0x00007ffce0440000 - 0x00007ffce0448000 	C:\windows\System32\NSI.dll
0x00007ffc8eab0000 - 0x00007ffc8eaf9000 	C:\Users\Administrator\AppData\Local\Temp\jna-146731693\jna9351709099529749253.dll
0x00007ffce0080000 - 0x00007ffce0088000 	C:\windows\System32\PSAPI.DLL
0x00007ffcd8580000 - 0x00007ffcd8597000 	C:\windows\SYSTEM32\dhcpcsvc6.DLL
0x00007ffcd7dd0000 - 0x00007ffcd7ded000 	C:\windows\SYSTEM32\dhcpcsvc.DLL

JVMTI agents:
c:\Users\Administrator\.trae-cn\extensions\redhat.java-1.44.0-win32-x64\lombok\lombok-1.18.39-4050.jar path:c:\Users\Administrator\.trae-cn\extensions\redhat.java-1.44.0-win32-x64\jre\21.0.8-win32-x86_64\bin\instrument.dll, loaded, initialized, instrumentlib options:none

dbghelp: loaded successfully - version: 4.0.5 - missing functions: none
symbol engine: initialized successfully - sym options: 0x614 - pdb path: .;c:\Users\Administrator\.trae-cn\extensions\redhat.java-1.44.0-win32-x64\jre\21.0.8-win32-x86_64\bin;C:\windows\SYSTEM32;C:\windows\WinSxS\amd64_microsoft.windows.common-controls_6595b64144ccf1df_6.0.19041.3636_none_60b6a03d71f818d5;c:\Users\Administrator\.trae-cn\extensions\redhat.java-1.44.0-win32-x64\jre\21.0.8-win32-x86_64\bin\server;C:\Users\Administrator\AppData\Roaming\Trae CN\User\globalStorage\redhat.java\1.44.0\config_win\org.eclipse.equinox.launcher\org.eclipse.equinox.launcher.win32.win32.x86_64_1.2.1400.v20250730-1736;C:\Users\Administrator\AppData\Local\Temp\jna-146731693

VM Arguments:
jvm_args: --add-modules=ALL-SYSTEM --add-opens=java.base/java.util=ALL-UNNAMED --add-opens=java.base/java.lang=ALL-UNNAMED --add-opens=java.base/sun.nio.fs=ALL-UNNAMED -Declipse.application=org.eclipse.jdt.ls.core.id1 -Dosgi.bundles.defaultStartLevel=4 -Declipse.product=org.eclipse.jdt.ls.core.product -Djava.import.generatesMetadataFilesAtProjectRoot=false -DDetectVMInstallationsJob.disabled=true -Dfile.encoding=utf8 -XX:+UseParallelGC -XX:GCTimeRatio=4 -XX:AdaptiveSizePolicyWeight=90 -Dsun.zip.disableMemoryMapping=true -Xmx2G -Xms100m -Xlog:disable -javaagent:c:\Users\Administrator\.trae-cn\extensions\redhat.java-1.44.0-win32-x64\lombok\lombok-1.18.39-4050.jar -XX:+HeapDumpOnOutOfMemoryError -XX:HeapDumpPath=c:\Users\Administrator\AppData\Roaming\Trae CN\User\workspaceStorage\830aec24fac1f3f83e06b7cc2443784d\redhat.java -Daether.dependencyCollector.impl=bf 
java_command: c:\Users\Administrator\.trae-cn\extensions\redhat.java-1.44.0-win32-x64\server\plugins\org.eclipse.equinox.launcher_1.7.0.v20250519-0528.jar -configuration c:\Users\Administrator\AppData\Roaming\Trae CN\User\globalStorage\redhat.java\1.44.0\config_win -data c:\Users\Administrator\AppData\Roaming\Trae CN\User\workspaceStorage\830aec24fac1f3f83e06b7cc2443784d\redhat.java\jdt_ws --pipe=\\.\pipe\lsp-90368cf386e54848e2ab1ffbda6ba828-sock
java_class_path (initial): c:\Users\Administrator\.trae-cn\extensions\redhat.java-1.44.0-win32-x64\server\plugins\org.eclipse.equinox.launcher_1.7.0.v20250519-0528.jar
Launcher Type: SUN_STANDARD

[Global flags]
    uintx AdaptiveSizePolicyWeight                 = 90                                        {product} {command line}
     intx CICompilerCount                          = 4                                         {product} {ergonomic}
    uintx GCTimeRatio                              = 4                                         {product} {command line}
     bool HeapDumpOnOutOfMemoryError               = true                                   {manageable} {command line}
    ccstr HeapDumpPath                             = c:\Users\Administrator\AppData\Roaming\Trae CN\User\workspaceStorage\830aec24fac1f3f83e06b7cc2443784d\redhat.java         {manageable} {command line}
   size_t InitialHeapSize                          = 104857600                                 {product} {command line}
   size_t MaxHeapSize                              = 2147483648                                {product} {command line}
   size_t MaxNewSize                               = 715653120                                 {product} {ergonomic}
   size_t MinHeapDeltaBytes                        = 524288                                    {product} {ergonomic}
   size_t MinHeapSize                              = 104857600                                 {product} {command line}
   size_t NewSize                                  = 34603008                                  {product} {ergonomic}
    uintx NonNMethodCodeHeapSize                   = 5839372                                {pd product} {ergonomic}
    uintx NonProfiledCodeHeapSize                  = 122909434                              {pd product} {ergonomic}
   size_t OldSize                                  = 70254592                                  {product} {ergonomic}
    uintx ProfiledCodeHeapSize                     = 122909434                              {pd product} {ergonomic}
    uintx ReservedCodeCacheSize                    = 251658240                              {pd product} {ergonomic}
     bool SegmentedCodeCache                       = true                                      {product} {ergonomic}
   size_t SoftMaxHeapSize                          = 2147483648                             {manageable} {ergonomic}
     bool UseCompressedOops                        = true                           {product lp64_product} {ergonomic}
     bool UseLargePagesIndividualAllocation        = false                                  {pd product} {ergonomic}
     bool UseParallelGC                            = true                                      {product} {command line}

Logging:
Log output configuration:
 #0: stdout all=off uptime,level,tags foldmultilines=false
 #1: stderr all=off uptime,level,tags foldmultilines=false

Environment Variables:
JAVA_HOME=C:\Users\Administrator\.jdks\temurin-18
PATH=C:\Users\Administrator\.trae-cn\tools\gradle\latest\bin;C:\Users\Administrator\.jdks\temurin-18\bin;C:\Users\Administrator\.trae-cn\tools\maven\latest\bin;C:\Program Files\Common Files\Oracle\Java\javapath;D:\software\miniconda3\condabin;C:\windows\system32;C:\windows;C:\windows\System32\Wbem;C:\windows\System32\WindowsPowerShell\v1.0;C:\windows\System32\OpenSSH;C:\Program Files (x86)\NVIDIA Corporation\PhysX\Common;C:\Program Files\NVIDIA Corporation\NVIDIA NvDLISR;C:\Program Files\python;C:\Program Files\python\Scripts;D:\BtSoft\panel\script;C:\Program Files\python;C:\Program Files\python\Scripts;D:\BtSoft\panel\script;C:\Program Files\python;C:\Program Files\python\Scripts;C:\Program Files\python;C:\Program Files\python\Scripts;D:\BtSoft\panel\script;D:\BtSoft\panel\script;C:\Program Files\python;C:\Program Files\python\Scripts;D:\BtSoft\panel\script;C:\Program Files\dotnet;D:\software\miniconda3\Scripts;D:\software\ffmpeg\bin;D:\software\Git\cmd;C:\Users\Administrator\Desktop\Redis-x64-5.0.14.1;C:\Program Files\Docker\Docker\resources\bin;D:\software\Node.js;d:\software\Trae\Trae CN\bin;C:\Users\Administrator\AppData\Local\Programs\Python\Launcher;C:\Users\Administrator\AppData\Local\Microsoft\WindowsApps;C:\Users\Administrator\AppData\Local\Programs\Microsoft VS Code\bin;C:\Users\Administrator\AppData\Local\GitHubDesktop\bin;D:\software\pycharm-community\PyCharm Community Edition 2025.1.3.1\bin;.;D:\software\pycharm\PyCharm 2023.1.4\bin;C:\Users\Administrator\AppData\Roaming\npm;D:\software\Node.js;D:\software\python3.13.5\;D:\software\python3.13.5\Scripts\;C:\Users\Administrator\Desktop\apache-maven-3.9.11-bin;D:\software\maven;D:\software\maven\apache-maven-3.9.11;D:\software\maven\apache-maven-3.9.11\bin;D:\software\jdk21\bin;C:\Program Files\MySQL\MySQL Server 8.0\bin;d:\software\Trae\Trae CN\bin;C:\Users\Administrator\AppData\Local\Programs\Python\Launcher\;C:\Users\Administrator\AppData\Local\Microsoft\WindowsApps;C:\Users\Administrator\AppData\Local\Programs\Microsoft VS Code\bin;C:\Users\Administrator\AppData\Local\GitHubDesktop\bin;D:\software\pycharm-community\PyCharm Community Edition 2025.1.3.1\bin;;D:\software\pycharm\PyCharm 2023.1.4\bin;C:\Users\Administrator\AppData\Roaming\npm;D:\software\kiro\Kiro\bin;D:\software\idea\IntelliJ IDEA 2025.2\bin;D:\software\Qoder\Qoder\bin;d:\software\Trae\Trae CN\resources\app\bin\lib
USERNAME=Administrator
OS=Windows_NT
PROCESSOR_IDENTIFIER=Intel64 Family 6 Model 165 Stepping 3, GenuineIntel
TMP=C:\Users\ADMINI~1\AppData\Local\Temp
TEMP=C:\Users\ADMINI~1\AppData\Local\Temp




Periodic native trim disabled

---------------  S Y S T E M  ---------------

OS:
 Windows 10 , 64 bit Build 19041 (10.0.19041.3636)
OS uptime: 2 days 23:50 hours
Hyper-V role detected

CPU: total 12 (initial active 12) (6 cores per cpu, 2 threads per core) family 6 model 165 stepping 3 microcode 0xea, cx8, cmov, fxsr, ht, mmx, 3dnowpref, sse, sse2, sse3, ssse3, sse4.1, sse4.2, popcnt, lzcnt, tsc, tscinvbit, avx, avx2, aes, erms, clmul, bmi1, bmi2, adx, fma, vzeroupper, clflush, clflushopt, hv, rdtscp, f16c
Processor Information for the first 12 processors :
  Max Mhz: 2904, Current Mhz: 2904, Mhz Limit: 2904

Memory: 4k page, system-wide physical 16236M (906M free)
TotalPageFile size 35436M (AvailPageFile size 4M)
current process WorkingSet (physical memory assigned to process): 375M, peak: 375M
current process commit charge ("private bytes"): 428M, peak: 428M

vm_info: OpenJDK 64-Bit Server VM (21.0.8+9-LTS) for windows-amd64 JRE (21.0.8+9-LTS), built on 2025-07-15T00:00:00Z by "admin" with MS VC++ 17.7 (VS2022)

END.
